0 verbose cli /usr/local/bin/node /usr/local/bin/npm
1 info using npm@9.6.3
2 info using node@v19.9.0
3 timing npm:load:whichnode Completed in 100ms
4 timing config:load:defaults Completed in 201ms
5 timing config:load:file:/usr/local/lib/node_modules/npm/npmrc Completed in 1ms
6 timing config:load:builtin Completed in 1ms
7 timing config:load:cli Completed in 5ms
8 timing config:load:env Completed in 1ms
9 timing config:load:project Completed in 2ms
10 timing config:load:file:/home/container/.npmrc Completed in 1ms
11 timing config:load:user Completed in 1ms
12 timing config:load:file:/usr/local/etc/npmrc Completed in 1ms
13 timing config:load:global Completed in 1ms
14 timing config:load:setEnvs Completed in 3ms
15 timing config:load Completed in 215ms
16 timing npm:load:configload Completed in 215ms
17 timing npm:load:mkdirpcache Completed in 1ms
18 timing npm:load:mkdirplogs Completed in 0ms
19 verbose title npm install
20 verbose argv "install"
21 timing npm:load:setTitle Completed in 4ms
22 timing config:load:flatten Completed in 87ms
23 timing npm:load:display Completed in 90ms
24 verbose logfile logs-max:10 dir:/home/container/.npm/_logs/2025-01-06T10_33_38_969Z-
25 verbose logfile /home/container/.npm/_logs/2025-01-06T10_33_38_969Z-debug-0.log
26 timing npm:load:logFile Completed in 99ms
27 timing npm:load:timers Completed in 0ms
28 timing npm:load:configScope Completed in 0ms
29 timing npm:load Completed in 594ms
30 timing arborist:ctor Completed in 2ms
31 silly logfile start cleaning logs, removing 1 files
32 silly logfile done cleaning log files
33 timing idealTree:init Completed in 398ms
34 timing idealTree:userRequests Completed in 0ms
35 silly idealTree buildDeps
36 timing idealTree:#root Completed in 1ms
37 timing idealTree:buildDeps Completed in 1ms
38 timing idealTree:fixDepFlags Completed in 1ms
39 timing idealTree Completed in 405ms
40 timing arborist:ctor Completed in 0ms
41 timing reify:loadTrees Completed in 796ms
42 timing reify:diffTrees Completed in 7ms
43 silly reify moves {}
44 timing reify:retireShallow Completed in 2ms
45 timing reify:createSparse Completed in 0ms
46 timing reify:loadBundles Completed in 0ms
47 silly audit bulk request {
47 silly audit   '@discordjs/builders': [ '1.9.0' ],
47 silly audit   'discord-api-types': [ '0.37.97', '0.37.83', '0.37.100' ],
47 silly audit   '@discordjs/collection': [ '1.5.3', '2.1.1' ],
47 silly audit   '@discordjs/formatters': [ '0.5.0' ],
47 silly audit   '@discordjs/rest': [ '2.4.0' ],
47 silly audit   '@discordjs/util': [ '1.1.1' ],
47 silly audit   '@discordjs/ws': [ '1.1.1' ],
47 silly audit   '@sapphire/async-queue': [ '1.5.4' ],
47 silly audit   '@sapphire/shapeshift': [ '4.0.0' ],
47 silly audit   '@sapphire/snowflake': [ '3.5.3' ],
47 silly audit   '@types/node': [ '22.9.0' ],
47 silly audit   '@types/ws': [ '8.5.13' ],
47 silly audit   '@vladfrangu/async_event_emitter': [ '2.4.6' ],
47 silly audit   'discord.js': [ '14.16.3' ],
47 silly audit   'fast-deep-equal': [ '3.1.3' ],
47 silly audit   lodash: [ '4.17.21' ],
47 silly audit   'lodash.snakecase': [ '4.1.1' ],
47 silly audit   'magic-bytes.js': [ '1.10.0' ],
47 silly audit   'ts-mixer': [ '6.0.4' ],
47 silly audit   tslib: [ '2.8.1' ],
47 silly audit   undici: [ '6.19.8' ],
47 silly audit   'undici-types': [ '6.19.8' ],
47 silly audit   ws: [ '8.18.0' ]
47 silly audit }
48 timing reify:unpack Completed in 3ms
49 timing reify:unretire Completed in 0ms
50 timing build:queue Completed in 0ms
51 timing build:deps Completed in 0ms
52 timing build Completed in 1ms
53 timing reify:build Completed in 1ms
54 timing reify:trash Completed in 0ms
55 timing reify:save Completed in 282ms
56 http fetch POST 200 https://registry.npmjs.org/-/npm/v1/security/advisories/bulk 605ms
57 timing auditReport:getReport Completed in 610ms
58 silly audit report {}
59 timing auditReport:init Completed in 0ms
60 timing reify:audit Completed in 611ms
61 timing reify Completed in 1703ms
62 timing command:install Completed in 1809ms
63 verbose exit 0
64 timing npm Completed in 2507ms
65 info ok
