0 verbose cli /usr/local/bin/node /usr/local/bin/npm
1 info using npm@10.9.0
2 info using node@v22.11.0
3 silly config load:file:/usr/local/lib/node_modules/npm/npmrc
4 silly config load:file:/home/container/.npmrc
5 silly config load:file:/usr/local/etc/npmrc
6 verbose title npm install
7 verbose argv "install"
8 verbose logfile logs-max:10 dir:/home/container/.npm/_logs/2025-01-03T20_42_31_383Z-
9 verbose logfile /home/container/.npm/_logs/2025-01-03T20_42_31_383Z-debug-0.log
10 silly logfile done cleaning log files
11 silly packumentCache heap:307232768 maxSize:76808192 maxEntrySize:38404096
12 silly idealTree buildDeps
13 silly reify moves {}
14 silly audit bulk request {
14 silly audit   '@discordjs/builders': [ '1.10.0' ],
14 silly audit   '@discordjs/collection': [ '1.5.3', '2.1.1' ],
14 silly audit   '@discordjs/formatters': [ '0.6.0' ],
14 silly audit   '@discordjs/rest': [ '2.4.2' ],
14 silly audit   '@discordjs/util': [ '1.1.1' ],
14 silly audit   '@discordjs/ws': [ '1.2.0' ],
14 silly audit   '@sapphire/async-queue': [ '1.5.5' ],
14 silly audit   '@sapphire/shapeshift': [ '4.0.0' ],
14 silly audit   '@sapphire/snowflake': [ '3.5.3' ],
14 silly audit   '@types/node': [ '22.10.5' ],
14 silly audit   '@types/ws': [ '8.5.13' ],
14 silly audit   '@vladfrangu/async_event_emitter': [ '2.4.6' ],
14 silly audit   'discord-api-types': [ '0.37.115' ],
14 silly audit   'discord.js': [ '14.17.2' ],
14 silly audit   'fast-deep-equal': [ '3.1.3' ],
14 silly audit   lodash: [ '4.17.21' ],
14 silly audit   'lodash.snakecase': [ '4.1.1' ],
14 silly audit   'magic-bytes.js': [ '1.10.0' ],
14 silly audit   'ts-mixer': [ '6.0.4' ],
14 silly audit   tslib: [ '2.8.1' ],
14 silly audit   undici: [ '6.19.8' ],
14 silly audit   'undici-types': [ '6.20.0' ],
14 silly audit   ws: [ '8.18.0' ]
14 silly audit }
15 http fetch POST 200 https://registry.npmjs.org/-/npm/v1/security/advisories/bulk 842ms
16 silly audit report {}
17 verbose cwd /home/container
18 verbose os Linux 6.8.0-51-generic
19 verbose node v22.11.0
20 verbose npm  v10.9.0
21 verbose exit 0
22 info ok
